2025-05-26 10:09:47.990 [info] [main] Log level: Info
2025-05-26 10:09:47.990 [info] [main] Validating found git in: "git"
2025-05-26 10:09:47.990 [info] [main] Using git "2.49.0" from "git"
2025-05-26 10:09:47.990 [info] [Model][doInitialScan] Initial repository scan started
2025-05-26 10:09:47.990 [info] > git rev-parse --show-toplevel [9ms]
2025-05-26 10:09:47.990 [info] > git rev-parse --git-dir --git-common-dir [3ms]
2025-05-26 10:09:47.990 [info] [Model][openRepository] Opened repository (path): /home/mohak/Desktop/Morphsploit
2025-05-26 10:09:47.990 [info] [Model][openRepository] Opened repository (real path): /home/mohak/Desktop/Morphsploit
2025-05-26 10:09:48.003 [info] > git rev-parse --show-toplevel [3ms]
2025-05-26 10:09:48.004 [info] > git config --get commit.template [9ms]
2025-05-26 10:09:48.023 [info] > git rev-parse --show-toplevel [9ms]
2025-05-26 10:09:48.030 [info] > git for-each-ref --format=%(refname)%00%(upstream:short)%00%(objectname)%00%(upstream:track)%00%(upstream:remotename)%00%(upstream:remoteref) refs/heads/main refs/remotes/main [8ms]
2025-05-26 10:09:48.037 [warning] [Git][revParse] Unable to read file: ENOENT: no such file or directory, open '/home/mohak/Desktop/Morphsploit/.git/refs/remotes/origin/main'
2025-05-26 10:09:48.038 [info] > git rev-parse --show-toplevel [8ms]
2025-05-26 10:09:48.046 [info] > git rev-parse --show-toplevel [2ms]
2025-05-26 10:09:48.046 [info] [Model][doInitialScan] Initial repository scan completed - repositories (1), closed repositories (0), parent repositories (0), unsafe repositories (0)
2025-05-26 10:09:48.046 [info] > git rev-parse refs/remotes/origin/main [9ms]
2025-05-26 10:09:48.067 [info] > git status -z -uall [9ms]
2025-05-26 10:09:48.076 [info] > git for-each-ref --sort -committerdate --format %(refname)%00%(objectname)%00%(*objectname) [10ms]
2025-05-26 10:09:48.104 [info] > git for-each-ref --format=%(refname)%00%(upstream:short)%00%(objectname)%00%(upstream:track)%00%(upstream:remotename)%00%(upstream:remoteref) refs/heads/main refs/remotes/main [8ms]
2025-05-26 10:09:48.116 [info] > git config --get commit.template [12ms]
2025-05-26 10:09:48.118 [info] > git config --get --local branch.main.vscode-merge-base [6ms]
2025-05-26 10:09:48.132 [info] > git for-each-ref --format=%(refname)%00%(upstream:short)%00%(objectname)%00%(upstream:track)%00%(upstream:remotename)%00%(upstream:remoteref) refs/heads/origin/main refs/remotes/origin/main [7ms]
2025-05-26 10:09:48.157 [info] > git merge-base refs/heads/main refs/remotes/origin/main [21ms]
2025-05-26 10:09:48.162 [info] > git for-each-ref --format=%(refname)%00%(upstream:short)%00%(objectname)%00%(upstream:track)%00%(upstream:remotename)%00%(upstream:remoteref) refs/heads/main refs/remotes/main [30ms]
2025-05-26 10:09:48.167 [warning] [Git][revParse] Unable to read file: ENOENT: no such file or directory, open '/home/mohak/Desktop/Morphsploit/.git/refs/remotes/origin/main'
2025-05-26 10:09:48.167 [info] > git diff --name-status -z --diff-filter=ADMR 2d0cf97ac0f35ee452c4e50e07d170f39f1e06ff...refs/remotes/origin/main [5ms]
2025-05-26 10:09:48.169 [info] > git rev-parse refs/remotes/origin/main [1ms]
2025-05-26 10:09:48.177 [info] > git status -z -uall [6ms]
2025-05-26 10:09:48.177 [info] > git for-each-ref --sort -committerdate --format %(refname)%00%(objectname)%00%(*objectname) [2ms]
2025-05-26 10:09:48.329 [info] > git show --textconv :commands/use.go [12ms]
2025-05-26 10:09:48.331 [info] > git ls-files --stage -- commands/use.go [3ms]
2025-05-26 10:09:48.341 [info] > git cat-file -s fb53c0328b85e91b73034f95a84c96f5934752e7 [3ms]
2025-05-26 10:09:48.537 [info] > git check-ignore -v -z --stdin [3ms]
